<?xml version="1.0" encoding="UTF-8"?>
<testsuites tests="13" failures="0">
 <testsuite name="require-read-only-root-filesystem" tests="13" failures="0">
  <testcase classname="" name="v1/Pod/policy-test/pod-011-boundary-init">
   <system-out><![CDATA[
    Reason: Ok
    Policy: require-read-only-root-filesystem
    Rule: 
    Resource: v1/Pod/policy-test/pod-011-boundary-init
   ]]></system-out>
  </testcase>
  <testcase classname="" name="v1/Pod/policy-test/pod-011-positive-all-types">
   <system-out><![CDATA[
    Reason: Ok
    Policy: require-read-only-root-filesystem
    Rule: 
    Resource: v1/Pod/policy-test/pod-011-positive-all-types
   ]]></system-out>
  </testcase>
  <testcase classname="" name="v1/Pod/policy-test/pod-011-positive">
   <system-out><![CDATA[
    Reason: Ok
    Policy: require-read-only-root-filesystem
    Rule: 
    Resource: v1/Pod/policy-test/pod-011-positive
   ]]></system-out>
  </testcase>
  <testcase classname="" name="v1/Pod/policy-test/pod-011-positive-two-compliant">
   <system-out><![CDATA[
    Reason: Ok
    Policy: require-read-only-root-filesystem
    Rule: 
    Resource: v1/Pod/policy-test/pod-011-positive-two-compliant
   ]]></system-out>
  </testcase>
  <testcase classname="" name="v1/Pod/policy-test/pod-011-negative-ephemeral">
   <system-out><![CDATA[
    Reason: Ok
    Policy: require-read-only-root-filesystem
    Rule: 
    Resource: v1/Pod/policy-test/pod-011-negative-ephemeral
   ]]></system-out>
  </testcase>
  <testcase classname="" name="v1/Pod/policy-test/pod-011-negative-init">
   <system-out><![CDATA[
    Reason: Ok
    Policy: require-read-only-root-filesystem
    Rule: 
    Resource: v1/Pod/policy-test/pod-011-negative-init
   ]]></system-out>
  </testcase>
  <testcase classname="" name="v1/Pod/policy-test/pod-011-negative-first">
   <system-out><![CDATA[
    Reason: Ok
    Policy: require-read-only-root-filesystem
    Rule: 
    Resource: v1/Pod/policy-test/pod-011-negative-first
   ]]></system-out>
  </testcase>
  <testcase classname="" name="v1/Pod/policy-test/pod-011-negative-last">
   <system-out><![CDATA[
    Reason: Ok
    Policy: require-read-only-root-filesystem
    Rule: 
    Resource: v1/Pod/policy-test/pod-011-negative-last
   ]]></system-out>
  </testcase>
  <testcase classname="" name="v1/Pod/policy-test/pod-011-negative">
   <system-out><![CDATA[
    Reason: Ok
    Policy: require-read-only-root-filesystem
    Rule: 
    Resource: v1/Pod/policy-test/pod-011-negative
   ]]></system-out>
  </testcase>
  <testcase classname="" name="v1/Pod/policy-test/pod-011-boundary-ephemeral-additional-boundary-fail">
   <system-out><![CDATA[
    Reason: Ok
    Policy: require-read-only-root-filesystem
    Rule: 
    Resource: v1/Pod/policy-test/pod-011-boundary-ephemeral-additional-boundary-fail
   ]]></system-out>
  </testcase>
  <testcase classname="exception" name="v1/Pod/policy-test/ksp-pod-011-exception">
   <system-out><![CDATA[
    Reason: Ok
    Policy: require-read-only-root-filesystem
    Rule: exception
    Resource: v1/Pod/policy-test/ksp-pod-011-exception
   ]]></system-out>
  </testcase>
  <testcase classname="exception" name="v1/Pod/policy-test/ksp-pod-011-exception-secondary">
   <system-out><![CDATA[
    Reason: Ok
    Policy: require-read-only-root-filesystem
    Rule: exception
    Resource: v1/Pod/policy-test/ksp-pod-011-exception-secondary
   ]]></system-out>
  </testcase>
  <testcase classname="exception" name="v1/Pod/policy-test/ksp-pod-011-exception-tertiary">
   <system-out><![CDATA[
    Reason: Ok
    Policy: require-read-only-root-filesystem
    Rule: exception
    Resource: v1/Pod/policy-test/ksp-pod-011-exception-tertiary
   ]]></system-out>
  </testcase>
 </testsuite>
</testsuites>
