<?xml version="1.0" encoding="UTF-8"?>
<testsuites tests="12" failures="0">
 <testsuite name="restrict-host-path" tests="12" failures="0">
  <testcase classname="" name="v1/Pod/policy-test/pod-007-positive-empty-dir-volume">
   <system-out><![CDATA[
    Reason: Ok
    Policy: restrict-host-path
    Rule: 
    Resource: v1/Pod/policy-test/pod-007-positive-empty-dir-volume
   ]]></system-out>
  </testcase>
  <testcase classname="" name="v1/Pod/policy-test/pod-007-positive-multiple-volumes">
   <system-out><![CDATA[
    Reason: Ok
    Policy: restrict-host-path
    Rule: 
    Resource: v1/Pod/policy-test/pod-007-positive-multiple-volumes
   ]]></system-out>
  </testcase>
  <testcase classname="" name="v1/Pod/policy-test/pod-007-positive-hostpath-available">
   <system-out><![CDATA[
    Reason: Ok
    Policy: restrict-host-path
    Rule: 
    Resource: v1/Pod/policy-test/pod-007-positive-hostpath-available
   ]]></system-out>
  </testcase>
  <testcase classname="" name="v1/Pod/policy-test/pod-007-boundary-no-volumes-additional-boundary-pass">
   <system-out><![CDATA[
    Reason: Ok
    Policy: restrict-host-path
    Rule: 
    Resource: v1/Pod/policy-test/pod-007-boundary-no-volumes-additional-boundary-pass
   ]]></system-out>
  </testcase>
  <testcase classname="" name="v1/Pod/policy-test/pod-007-negative-hostpath-restricted">
   <system-out><![CDATA[
    Reason: Ok
    Policy: restrict-host-path
    Rule: 
    Resource: v1/Pod/policy-test/pod-007-negative-hostpath-restricted
   ]]></system-out>
  </testcase>
  <testcase classname="" name="v1/Pod/policy-test/pod-007-negative-hostpath-restricted-first">
   <system-out><![CDATA[
    Reason: Ok
    Policy: restrict-host-path
    Rule: 
    Resource: v1/Pod/policy-test/pod-007-negative-hostpath-restricted-first
   ]]></system-out>
  </testcase>
  <testcase classname="" name="v1/Pod/policy-test/pod-007-negative-hostpath-restricted-last">
   <system-out><![CDATA[
    Reason: Ok
    Policy: restrict-host-path
    Rule: 
    Resource: v1/Pod/policy-test/pod-007-negative-hostpath-restricted-last
   ]]></system-out>
  </testcase>
  <testcase classname="" name="v1/Pod/policy-test/pod-007-negative-hostpath-restricted-middle">
   <system-out><![CDATA[
    Reason: Ok
    Policy: restrict-host-path
    Rule: 
    Resource: v1/Pod/policy-test/pod-007-negative-hostpath-restricted-middle
   ]]></system-out>
  </testcase>
  <testcase classname="" name="v1/Pod/policy-test/pod-007-negative-near-allowed-hostpath">
   <system-out><![CDATA[
    Reason: Ok
    Policy: restrict-host-path
    Rule: 
    Resource: v1/Pod/policy-test/pod-007-negative-near-allowed-hostpath
   ]]></system-out>
  </testcase>
  <testcase classname="exception" name="v1/Pod/policy-test/ksp-pod-007-exception">
   <system-out><![CDATA[
    Reason: Ok
    Policy: restrict-host-path
    Rule: exception
    Resource: v1/Pod/policy-test/ksp-pod-007-exception
   ]]></system-out>
  </testcase>
  <testcase classname="exception" name="v1/Pod/policy-test/ksp-pod-007-exception-secondary">
   <system-out><![CDATA[
    Reason: Ok
    Policy: restrict-host-path
    Rule: exception
    Resource: v1/Pod/policy-test/ksp-pod-007-exception-secondary
   ]]></system-out>
  </testcase>
  <testcase classname="exception" name="v1/Pod/policy-test/ksp-pod-007-exception-tertiary">
   <system-out><![CDATA[
    Reason: Ok
    Policy: restrict-host-path
    Rule: exception
    Resource: v1/Pod/policy-test/ksp-pod-007-exception-tertiary
   ]]></system-out>
  </testcase>
 </testsuite>
</testsuites>
