<?xml version="1.0" encoding="UTF-8"?>
<testsuites tests="12" failures="0">
 <testsuite name="drop-all-capabilities" tests="12" failures="0">
  <testcase classname="" name="v1/Pod/policy-test/pod-008-boundary-init">
   <system-out><![CDATA[
    Reason: Ok
    Policy: drop-all-capabilities
    Rule: 
    Resource: v1/Pod/policy-test/pod-008-boundary-init
   ]]></system-out>
  </testcase>
  <testcase classname="" name="v1/Pod/policy-test/pod-008-positive-all-types">
   <system-out><![CDATA[
    Reason: Ok
    Policy: drop-all-capabilities
    Rule: 
    Resource: v1/Pod/policy-test/pod-008-positive-all-types
   ]]></system-out>
  </testcase>
  <testcase classname="" name="v1/Pod/policy-test/pod-008-positive-one-container">
   <system-out><![CDATA[
    Reason: Ok
    Policy: drop-all-capabilities
    Rule: 
    Resource: v1/Pod/policy-test/pod-008-positive-one-container
   ]]></system-out>
  </testcase>
  <testcase classname="" name="v1/Pod/policy-test/pod-008-positive-two-compliant">
   <system-out><![CDATA[
    Reason: Ok
    Policy: drop-all-capabilities
    Rule: 
    Resource: v1/Pod/policy-test/pod-008-positive-two-compliant
   ]]></system-out>
  </testcase>
  <testcase classname="" name="v1/Pod/policy-test/pod-008-negative-ephemeral">
   <system-out><![CDATA[
    Reason: Ok
    Policy: drop-all-capabilities
    Rule: 
    Resource: v1/Pod/policy-test/pod-008-negative-ephemeral
   ]]></system-out>
  </testcase>
  <testcase classname="" name="v1/Pod/policy-test/pod-008-negative-init">
   <system-out><![CDATA[
    Reason: Ok
    Policy: drop-all-capabilities
    Rule: 
    Resource: v1/Pod/policy-test/pod-008-negative-init
   ]]></system-out>
  </testcase>
  <testcase classname="" name="v1/Pod/policy-test/pod-008-negative-first">
   <system-out><![CDATA[
    Reason: Ok
    Policy: drop-all-capabilities
    Rule: 
    Resource: v1/Pod/policy-test/pod-008-negative-first
   ]]></system-out>
  </testcase>
  <testcase classname="" name="v1/Pod/policy-test/pod-008-negative-last">
   <system-out><![CDATA[
    Reason: Ok
    Policy: drop-all-capabilities
    Rule: 
    Resource: v1/Pod/policy-test/pod-008-negative-last
   ]]></system-out>
  </testcase>
  <testcase classname="" name="v1/Pod/policy-test/pod-008-boundary-ephemeral-additional-boundary-fail">
   <system-out><![CDATA[
    Reason: Ok
    Policy: drop-all-capabilities
    Rule: 
    Resource: v1/Pod/policy-test/pod-008-boundary-ephemeral-additional-boundary-fail
   ]]></system-out>
  </testcase>
  <testcase classname="exception" name="v1/Pod/policy-test/ksp-pod-008-exception">
   <system-out><![CDATA[
    Reason: Ok
    Policy: drop-all-capabilities
    Rule: exception
    Resource: v1/Pod/policy-test/ksp-pod-008-exception
   ]]></system-out>
  </testcase>
  <testcase classname="exception" name="v1/Pod/policy-test/ksp-pod-008-exception-secondary">
   <system-out><![CDATA[
    Reason: Ok
    Policy: drop-all-capabilities
    Rule: exception
    Resource: v1/Pod/policy-test/ksp-pod-008-exception-secondary
   ]]></system-out>
  </testcase>
  <testcase classname="exception" name="v1/Pod/policy-test/ksp-pod-008-exception-tertiary">
   <system-out><![CDATA[
    Reason: Ok
    Policy: drop-all-capabilities
    Rule: exception
    Resource: v1/Pod/policy-test/ksp-pod-008-exception-tertiary
   ]]></system-out>
  </testcase>
 </testsuite>
</testsuites>
