<?xml version="1.0" encoding="UTF-8"?>
<testsuites tests="14" failures="0">
 <testsuite name="disallow-latest-tag" tests="14" failures="0">
  <testcase classname="" name="v1/Pod/policy-test/img-001-boundary-digest">
   <system-out><![CDATA[
    Reason: Ok
    Policy: disallow-latest-tag
    Rule: 
    Resource: v1/Pod/policy-test/img-001-boundary-digest
   ]]></system-out>
  </testcase>
  <testcase classname="" name="v1/Pod/policy-test/img-001-positive">
   <system-out><![CDATA[
    Reason: Ok
    Policy: disallow-latest-tag
    Rule: 
    Resource: v1/Pod/policy-test/img-001-positive
   ]]></system-out>
  </testcase>
  <testcase classname="" name="v1/Pod/policy-test/ksp-img-001-positive-two-images">
   <system-out><![CDATA[
    Reason: Ok
    Policy: disallow-latest-tag
    Rule: 
    Resource: v1/Pod/policy-test/ksp-img-001-positive-two-images
   ]]></system-out>
  </testcase>
  <testcase classname="" name="v1/Pod/policy-test/img-001-boundary-digest-additional-boundary-pass">
   <system-out><![CDATA[
    Reason: Ok
    Policy: disallow-latest-tag
    Rule: 
    Resource: v1/Pod/policy-test/img-001-boundary-digest-additional-boundary-pass
   ]]></system-out>
  </testcase>
  <testcase classname="exception" name="v1/Pod/policy-test/ksp-img-001-exception">
   <system-out><![CDATA[
    Reason: Ok
    Policy: disallow-latest-tag
    Rule: exception
    Resource: v1/Pod/policy-test/ksp-img-001-exception
   ]]></system-out>
  </testcase>
  <testcase classname="exception" name="v1/Pod/policy-test/ksp-img-001-exception-secondary">
   <system-out><![CDATA[
    Reason: Ok
    Policy: disallow-latest-tag
    Rule: exception
    Resource: v1/Pod/policy-test/ksp-img-001-exception-secondary
   ]]></system-out>
  </testcase>
  <testcase classname="exception" name="v1/Pod/policy-test/ksp-img-001-exception-tertiary">
   <system-out><![CDATA[
    Reason: Ok
    Policy: disallow-latest-tag
    Rule: exception
    Resource: v1/Pod/policy-test/ksp-img-001-exception-tertiary
   ]]></system-out>
  </testcase>
  <testcase classname="" name="v1/Pod/policy-test/ksp-img-001-negative-ephemeral-image">
   <system-out><![CDATA[
    Reason: Ok
    Policy: disallow-latest-tag
    Rule: 
    Resource: v1/Pod/policy-test/ksp-img-001-negative-ephemeral-image
   ]]></system-out>
  </testcase>
  <testcase classname="" name="v1/Pod/policy-test/ksp-img-001-negative-init-image">
   <system-out><![CDATA[
    Reason: Ok
    Policy: disallow-latest-tag
    Rule: 
    Resource: v1/Pod/policy-test/ksp-img-001-negative-init-image
   ]]></system-out>
  </testcase>
  <testcase classname="" name="v1/Pod/policy-test/img-001-negative-latest">
   <system-out><![CDATA[
    Reason: Ok
    Policy: disallow-latest-tag
    Rule: 
    Resource: v1/Pod/policy-test/img-001-negative-latest
   ]]></system-out>
  </testcase>
  <testcase classname="" name="v1/Pod/policy-test/img-001-negative-untagged">
   <system-out><![CDATA[
    Reason: Ok
    Policy: disallow-latest-tag
    Rule: 
    Resource: v1/Pod/policy-test/img-001-negative-untagged
   ]]></system-out>
  </testcase>
  <testcase classname="" name="v1/Pod/policy-test/ksp-img-001-negative-image-first">
   <system-out><![CDATA[
    Reason: Ok
    Policy: disallow-latest-tag
    Rule: 
    Resource: v1/Pod/policy-test/ksp-img-001-negative-image-first
   ]]></system-out>
  </testcase>
  <testcase classname="" name="v1/Pod/policy-test/ksp-img-001-negative-image-last">
   <system-out><![CDATA[
    Reason: Ok
    Policy: disallow-latest-tag
    Rule: 
    Resource: v1/Pod/policy-test/ksp-img-001-negative-image-last
   ]]></system-out>
  </testcase>
  <testcase classname="" name="v1/Pod/policy-test/ksp-img-001-negative-ephemeral-image-additional-boundary-fail">
   <system-out><![CDATA[
    Reason: Ok
    Policy: disallow-latest-tag
    Rule: 
    Resource: v1/Pod/policy-test/ksp-img-001-negative-ephemeral-image-additional-boundary-fail
   ]]></system-out>
  </testcase>
 </testsuite>
</testsuites>
