<?xml version="1.0" encoding="UTF-8"?>
<testsuites tests="15" failures="0">
 <testsuite name="require-app-label" tests="15" failures="0">
  <testcase classname="" name="batch/v1/CronJob/policy-test/meta-001-boundary">
   <system-out><![CDATA[
    Reason: Ok
    Policy: require-app-label
    Rule: 
    Resource: batch/v1/CronJob/policy-test/meta-001-boundary
   ]]></system-out>
  </testcase>
  <testcase classname="" name="batch/v1/CronJob/policy-test/ksp-meta-001-positive-cronjob">
   <system-out><![CDATA[
    Reason: Ok
    Policy: require-app-label
    Rule: 
    Resource: batch/v1/CronJob/policy-test/ksp-meta-001-positive-cronjob
   ]]></system-out>
  </testcase>
  <testcase classname="" name="batch/v1/CronJob/policy-test/meta-001-boundary-additional-boundary-pass">
   <system-out><![CDATA[
    Reason: Ok
    Policy: require-app-label
    Rule: 
    Resource: batch/v1/CronJob/policy-test/meta-001-boundary-additional-boundary-pass
   ]]></system-out>
  </testcase>
  <testcase classname="exception" name="apps/v1/Deployment/policy-test/ksp-meta-001-exception">
   <system-out><![CDATA[
    Reason: Ok
    Policy: require-app-label
    Rule: exception
    Resource: apps/v1/Deployment/policy-test/ksp-meta-001-exception
   ]]></system-out>
  </testcase>
  <testcase classname="exception" name="apps/v1/Deployment/policy-test/ksp-meta-001-exception-secondary">
   <system-out><![CDATA[
    Reason: Ok
    Policy: require-app-label
    Rule: exception
    Resource: apps/v1/Deployment/policy-test/ksp-meta-001-exception-secondary
   ]]></system-out>
  </testcase>
  <testcase classname="exception" name="apps/v1/Deployment/policy-test/ksp-meta-001-exception-tertiary">
   <system-out><![CDATA[
    Reason: Ok
    Policy: require-app-label
    Rule: exception
    Resource: apps/v1/Deployment/policy-test/ksp-meta-001-exception-tertiary
   ]]></system-out>
  </testcase>
  <testcase classname="" name="apps/v1/Deployment/policy-test/meta-001-negative">
   <system-out><![CDATA[
    Reason: Ok
    Policy: require-app-label
    Rule: 
    Resource: apps/v1/Deployment/policy-test/meta-001-negative
   ]]></system-out>
  </testcase>
  <testcase classname="" name="apps/v1/Deployment/policy-test/ksp-meta-001-negative-empty">
   <system-out><![CDATA[
    Reason: Ok
    Policy: require-app-label
    Rule: 
    Resource: apps/v1/Deployment/policy-test/ksp-meta-001-negative-empty
   ]]></system-out>
  </testcase>
  <testcase classname="" name="apps/v1/Deployment/policy-test/meta-001-negative-additional-boundary-fail">
   <system-out><![CDATA[
    Reason: Ok
    Policy: require-app-label
    Rule: 
    Resource: apps/v1/Deployment/policy-test/meta-001-negative-additional-boundary-fail
   ]]></system-out>
  </testcase>
  <testcase classname="" name="batch/v1/Job/policy-test/ksp-meta-001-negative-job-missing">
   <system-out><![CDATA[
    Reason: Ok
    Policy: require-app-label
    Rule: 
    Resource: batch/v1/Job/policy-test/ksp-meta-001-negative-job-missing
   ]]></system-out>
  </testcase>
  <testcase classname="" name="apps/v1/DaemonSet/policy-test/ksp-meta-001-positive-daemonset">
   <system-out><![CDATA[
    Reason: Ok
    Policy: require-app-label
    Rule: 
    Resource: apps/v1/DaemonSet/policy-test/ksp-meta-001-positive-daemonset
   ]]></system-out>
  </testcase>
  <testcase classname="" name="apps/v1/Deployment/policy-test/meta-001-positive">
   <system-out><![CDATA[
    Reason: Ok
    Policy: require-app-label
    Rule: 
    Resource: apps/v1/Deployment/policy-test/meta-001-positive
   ]]></system-out>
  </testcase>
  <testcase classname="" name="apps/v1/Deployment/policy-test/ksp-meta-001-positive-deployment">
   <system-out><![CDATA[
    Reason: Ok
    Policy: require-app-label
    Rule: 
    Resource: apps/v1/Deployment/policy-test/ksp-meta-001-positive-deployment
   ]]></system-out>
  </testcase>
  <testcase classname="" name="batch/v1/Job/policy-test/ksp-meta-001-positive-job">
   <system-out><![CDATA[
    Reason: Ok
    Policy: require-app-label
    Rule: 
    Resource: batch/v1/Job/policy-test/ksp-meta-001-positive-job
   ]]></system-out>
  </testcase>
  <testcase classname="" name="apps/v1/StatefulSet/policy-test/ksp-meta-001-positive-statefulset">
   <system-out><![CDATA[
    Reason: Ok
    Policy: require-app-label
    Rule: 
    Resource: apps/v1/StatefulSet/policy-test/ksp-meta-001-positive-statefulset
   ]]></system-out>
  </testcase>
 </testsuite>
</testsuites>
